Determining if the pthread_create exist failed with the following output:
Change Dir: /home/pi/rospi_ws/build/CMakeFiles/CMakeTmp

Run Build Command:"/usr/bin/make" "cmTC_eca2f/fast"
/usr/bin/make -f CMakeFiles/cmTC_eca2f.dir/build.make CMakeFiles/cmTC_eca2f.dir/build
make[1]: Entering directory '/home/pi/rospi_ws/build/CMakeFiles/CMakeTmp'
Building C object CMakeFiles/cmTC_eca2f.dir/CheckSymbolExists.c.o
/usr/bin/cc     -o CMakeFiles/cmTC_eca2f.dir/CheckSymbolExists.c.o   -c /home/pi/rospi_ws/build/CMakeFiles/CMakeTmp/CheckSymbolExists.c
Linking C executable cmTC_eca2f
/usr/bin/cmake -E cmake_link_script CMakeFiles/cmTC_eca2f.dir/link.txt --verbose=1
/usr/bin/cc       CMakeFiles/cmTC_eca2f.dir/CheckSymbolExists.c.o  -o cmTC_eca2f -rdynamic 
CMakeFiles/cmTC_eca2f.dir/CheckSymbolExists.c.o: In function `main':
CheckSymbolExists.c:(.text+0x38): undefined reference to `pthread_create'
collect2: error: ld returned 1 exit status
CMakeFiles/cmTC_eca2f.dir/build.make:97: recipe for target 'cmTC_eca2f' failed
make[1]: *** [cmTC_eca2f] Error 1
make[1]: Leaving directory '/home/pi/rospi_ws/build/CMakeFiles/CMakeTmp'
Makefile:126: recipe for target 'cmTC_eca2f/fast' failed
make: *** [cmTC_eca2f/fast] Error 2

File /home/pi/rospi_ws/build/CMakeFiles/CMakeTmp/CheckSymbolExists.c:
/* */
#include <pthread.h>

int main(int argc, char** argv)
{
  (void)argv;
#ifndef pthread_create
  return ((int*)(&pthread_create))[argc];
#else
  (void)argc;
  return 0;
#endif
}

Determining if the function pthread_create exists in the pthreads failed with the following output:
Change Dir: /home/pi/rospi_ws/build/CMakeFiles/CMakeTmp

Run Build Command:"/usr/bin/make" "cmTC_8f347/fast"
/usr/bin/make -f CMakeFiles/cmTC_8f347.dir/build.make CMakeFiles/cmTC_8f347.dir/build
make[1]: Entering directory '/home/pi/rospi_ws/build/CMakeFiles/CMakeTmp'
Building C object CMakeFiles/cmTC_8f347.dir/CheckFunctionExists.c.o
/usr/bin/cc    -DCHECK_FUNCTION_EXISTS=pthread_create   -o CMakeFiles/cmTC_8f347.dir/CheckFunctionExists.c.o   -c /usr/share/cmake-3.6/Modules/CheckFunctionExists.c
Linking C executable cmTC_8f347
/usr/bin/cmake -E cmake_link_script CMakeFiles/cmTC_8f347.dir/link.txt --verbose=1
/usr/bin/cc   -DCHECK_FUNCTION_EXISTS=pthread_create    CMakeFiles/cmTC_8f347.dir/CheckFunctionExists.c.o  -o cmTC_8f347 -rdynamic -lpthreads 
/usr/bin/ld: cannot find -lpthreads
collect2: error: ld returned 1 exit status
CMakeFiles/cmTC_8f347.dir/build.make:97: recipe for target 'cmTC_8f347' failed
make[1]: *** [cmTC_8f347] Error 1
make[1]: Leaving directory '/home/pi/rospi_ws/build/CMakeFiles/CMakeTmp'
Makefile:126: recipe for target 'cmTC_8f347/fast' failed
make: *** [cmTC_8f347/fast] Error 2


